[2023-04-05 04:34:19] local.ERROR: SQLSTATE[HY000] [1045] Access denied for user ''@'localhost' (using password: NO) (SQL: select `value` from `settings` where `key` = google_client_id limit 1) {"exception":"[object] (Illuminate\\Database\\QueryException(code: 1045): SQLSTATE[HY000] [1045] Access denied for user ''@'localhost' (using password: NO) (SQL: select `value` from `settings` where `key` = google_client_id limit 1) at /var/www/html/Prime-Laravel-Form-Builder/main_file/vendor/laravel/framework/src/Illuminate/Database/Connection.php:760)
[stacktrace]
#0 /var/www/html/Prime-Laravel-Form-Builder/main_file/vendor/laravel/framework/src/Illuminate/Database/Connection.php(720): Illuminate\\Database\\Connection->runQueryCallback()
#1 /var/www/html/Prime-Laravel-Form-Builder/main_file/vendor/laravel/framework/src/Illuminate/Database/Connection.php(422): Illuminate\\Database\\Connection->run()
#2 /var/www/html/Prime-Laravel-Form-Builder/main_file/vendor/laravel/framework/src/Illuminate/Database/Query/Builder.php(2650): Illuminate\\Database\\Connection->select()
#3 /var/www/html/Prime-Laravel-Form-Builder/main_file/vendor/laravel/framework/src/Illuminate/Database/Query/Builder.php(2638): Illuminate\\Database\\Query\\Builder->runSelect()
#4 /var/www/html/Prime-Laravel-Form-Builder/main_file/vendor/laravel/framework/src/Illuminate/Database/Query/Builder.php(3174): Illuminate\\Database\\Query\\Builder->Illuminate\\Database\\Query\\{closure}()
#5 /var/www/html/Prime-Laravel-Form-Builder/main_file/vendor/laravel/framework/src/Illuminate/Database/Query/Builder.php(2639): Illuminate\\Database\\Query\\Builder->onceWithColumns()
#6 /var/www/html/Prime-Laravel-Form-Builder/main_file/vendor/laravel/framework/src/Illuminate/Database/Eloquent/Builder.php(702): Illuminate\\Database\\Query\\Builder->get()
#7 /var/www/html/Prime-Laravel-Form-Builder/main_file/vendor/laravel/framework/src/Illuminate/Database/Eloquent/Builder.php(686): Illuminate\\Database\\Eloquent\\Builder->getModels()
#8 /var/www/html/Prime-Laravel-Form-Builder/main_file/vendor/laravel/framework/src/Illuminate/Database/Concerns/BuildsQueries.php(296): Illuminate\\Database\\Eloquent\\Builder->get()
#9 /var/www/html/Prime-Laravel-Form-Builder/main_file/app/Facades/Utility.php(141): Illuminate\\Database\\Eloquent\\Builder->first()
#10 /var/www/html/Prime-Laravel-Form-Builder/main_file/vendor/laravel/framework/src/Illuminate/Support/Facades/Facade.php(338): App\\Facades\\Utility->getsettings()
#11 /var/www/html/Prime-Laravel-Form-Builder/main_file/app/Http/Middleware/Setting.php(14): Illuminate\\Support\\Facades\\Facade::__callStatic()
#12 /var/www/html/Prime-Laravel-Form-Builder/main_file/vendor/laravel/framework/src/Illuminate/Pipeline/Pipeline.php(180): App\\Http\\Middleware\\Setting->handle()
#13 /var/www/html/Prime-Laravel-Form-Builder/main_file/vendor/laravel/framework/src/Illuminate/Routing/Middleware/SubstituteBindings.php(50): Illuminate\\Pipeline\\Pipeline->Illuminate\\Pipeline\\{closure}()
#14 /var/www/html/Prime-Laravel-Form-Builder/main_file/vendor/laravel/framework/src/Illuminate/Pipeline/Pipeline.php(180): Illuminate\\Routing\\Middleware\\SubstituteBindings->handle()
#15 /var/www/html/Prime-Laravel-Form-Builder/main_file/vendor/laravel/framework/src/Illuminate/Foundation/Http/Middleware/VerifyCsrfToken.php(78): Illuminate\\Pipeline\\Pipeline->Illuminate\\Pipeline\\{closure}()
#16 /var/www/html/Prime-Laravel-Form-Builder/main_file/vendor/laravel/framework/src/Illuminate/Pipeline/Pipeline.php(180): Illuminate\\Foundation\\Http\\Middleware\\VerifyCsrfToken->handle()
#17 /var/www/html/Prime-Laravel-Form-Builder/main_file/vendor/laravel/framework/src/Illuminate/View/Middleware/ShareErrorsFromSession.php(49): Illuminate\\Pipeline\\Pipeline->Illuminate\\Pipeline\\{closure}()
#18 /var/www/html/Prime-Laravel-Form-Builder/main_file/vendor/laravel/framework/src/Illuminate/Pipeline/Pipeline.php(180): Illuminate\\View\\Middleware\\ShareErrorsFromSession->handle()
#19 /var/www/html/Prime-Laravel-Form-Builder/main_file/vendor/laravel/framework/src/Illuminate/Session/Middleware/StartSession.php(121): Illuminate\\Pipeline\\Pipeline->Illuminate\\Pipeline\\{closure}()
#20 /var/www/html/Prime-Laravel-Form-Builder/main_file/vendor/laravel/framework/src/Illuminate/Session/Middleware/StartSession.php(64): Illuminate\\Session\\Middleware\\StartSession->handleStatefulRequest()
#21 /var/www/html/Prime-Laravel-Form-Builder/main_file/vendor/laravel/framework/src/Illuminate/Pipeline/Pipeline.php(180): Illuminate\\Session\\Middleware\\StartSession->handle()
#22 /var/www/html/Prime-Laravel-Form-Builder/main_file/vendor/laravel/framework/src/Illuminate/Cookie/Middleware/AddQueuedCookiesToResponse.php(37): Illuminate\\Pipeline\\Pipeline->Illuminate\\Pipeline\\{closure}()
#23 /var/www/html/Prime-Laravel-Form-Builder/main_file/vendor/laravel/framework/src/Illuminate/Pipeline/Pipeline.php(180): Illuminate\\Cookie\\Middleware\\AddQueuedCookiesToResponse->handle()
#24 /var/www/html/Prime-Laravel-Form-Builder/main_file/vendor/laravel/framework/src/Illuminate/Cookie/Middleware/EncryptCookies.php(67): Illuminate\\Pipeline\\Pipeline->Illuminate\\Pipeline\\{closure}()
#25 /var/www/html/Prime-Laravel-Form-Builder/main_file/vendor/laravel/framework/src/Illuminate/Pipeline/Pipeline.php(180): Illuminate\\Cookie\\Middleware\\EncryptCookies->handle()
#26 /var/www/html/Prime-Laravel-Form-Builder/main_file/vendor/laravel/framework/src/Illuminate/Pipeline/Pipeline.php(116): Illuminate\\Pipeline\\Pipeline->Illuminate\\Pipeline\\{closure}()
#27 /var/www/html/Prime-Laravel-Form-Builder/main_file/vendor/laravel/framework/src/Illuminate/Routing/Router.php(738): Illuminate\\Pipeline\\Pipeline->then()
#28 /var/www/html/Prime-Laravel-Form-Builder/main_file/vendor/laravel/framework/src/Illuminate/Routing/Router.php(714): Illuminate\\Routing\\Router->runRouteWithinStack()
#29 /var/www/html/Prime-Laravel-Form-Builder/main_file/vendor/laravel/framework/src/Illuminate/Routing/Router.php(677): Illuminate\\Routing\\Router->runRoute()
#30 /var/www/html/Prime-Laravel-Form-Builder/main_file/vendor/laravel/framework/src/Illuminate/Routing/Router.php(666): Illuminate\\Routing\\Router->dispatchToRoute()
#31 /var/www/html/Prime-Laravel-Form-Builder/main_file/vendor/laravel/framework/src/Illuminate/Foundation/Http/Kernel.php(190): Illuminate\\Routing\\Router->dispatch()
#32 /var/www/html/Prime-Laravel-Form-Builder/main_file/vendor/laravel/framework/src/Illuminate/Pipeline/Pipeline.php(141): Illuminate\\Foundation\\Http\\Kernel->Illuminate\\Foundation\\Http\\{closure}()
#33 /var/www/html/Prime-Laravel-Form-Builder/main_file/vendor/fideloper/proxy/src/TrustProxies.php(57): Illuminate\\Pipeline\\Pipeline->Illuminate\\Pipeline\\{closure}()
#34 /var/www/html/Prime-Laravel-Form-Builder/main_file/vendor/laravel/framework/src/Illuminate/Pipeline/Pipeline.php(180): Fideloper\\Proxy\\TrustProxies->handle()
#35 /var/www/html/Prime-Laravel-Form-Builder/main_file/vendor/laravel/framework/src/Illuminate/Foundation/Http/Middleware/TransformsRequest.php(21): Illuminate\\Pipeline\\Pipeline->Illuminate\\Pipeline\\{closure}()
#36 /var/www/html/Prime-Laravel-Form-Builder/main_file/vendor/laravel/framework/src/Illuminate/Foundation/Http/Middleware/ConvertEmptyStringsToNull.php(31): Illuminate\\Foundation\\Http\\Middleware\\TransformsRequest->handle()
#37 /var/www/html/Prime-Laravel-Form-Builder/main_file/vendor/laravel/framework/src/Illuminate/Pipeline/Pipeline.php(180): Illuminate\\Foundation\\Http\\Middleware\\ConvertEmptyStringsToNull->handle()
#38 /var/www/html/Prime-Laravel-Form-Builder/main_file/vendor/laravel/framework/src/Illuminate/Foundation/Http/Middleware/TransformsRequest.php(21): Illuminate\\Pipeline\\Pipeline->Illuminate\\Pipeline\\{closure}()
#39 /var/www/html/Prime-Laravel-Form-Builder/main_file/vendor/laravel/framework/src/Illuminate/Foundation/Http/Middleware/TrimStrings.php(40): Illuminate\\Foundation\\Http\\Middleware\\TransformsRequest->handle()
#40 /var/www/html/Prime-Laravel-Form-Builder/main_file/vendor/laravel/framework/src/Illuminate/Pipeline/Pipeline.php(180): Illuminate\\Foundation\\Http\\Middleware\\TrimStrings->handle()
#41 /var/www/html/Prime-Laravel-Form-Builder/main_file/vendor/laravel/framework/src/Illuminate/Foundation/Http/Middleware/ValidatePostSize.php(27): Illuminate\\Pipeline\\Pipeline->Illuminate\\Pipeline\\{closure}()
#42 /var/www/html/Prime-Laravel-Form-Builder/main_file/vendor/laravel/framework/src/Illuminate/Pipeline/Pipeline.php(180): Illuminate\\Foundation\\Http\\Middleware\\ValidatePostSize->handle()
#43 /var/www/html/Prime-Laravel-Form-Builder/main_file/vendor/laravel/framework/src/Illuminate/Foundation/Http/Middleware/PreventRequestsDuringMaintenance.php(86): Illuminate\\Pipeline\\Pipeline->Illuminate\\Pipeline\\{closure}()
#44 /var/www/html/Prime-Laravel-Form-Builder/main_file/vendor/laravel/framework/src/Illuminate/Pipeline/Pipeline.php(180): Illuminate\\Foundation\\Http\\Middleware\\PreventRequestsDuringMaintenance->handle()
#45 /var/www/html/Prime-Laravel-Form-Builder/main_file/vendor/laravel/framework/src/Illuminate/Pipeline/Pipeline.php(116): Illuminate\\Pipeline\\Pipeline->Illuminate\\Pipeline\\{closure}()
#46 /var/www/html/Prime-Laravel-Form-Builder/main_file/vendor/laravel/framework/src/Illuminate/Foundation/Http/Kernel.php(165): Illuminate\\Pipeline\\Pipeline->then()
#47 /var/www/html/Prime-Laravel-Form-Builder/main_file/vendor/laravel/framework/src/Illuminate/Foundation/Http/Kernel.php(134): Illuminate\\Foundation\\Http\\Kernel->sendRequestThroughRouter()
#48 /var/www/html/Prime-Laravel-Form-Builder/main_file/public/index.php(52): Illuminate\\Foundation\\Http\\Kernel->handle()
#49 /var/www/html/Prime-Laravel-Form-Builder/main_file/verification.php(55): require_once('...')
#50 /var/www/html/Prime-Laravel-Form-Builder/main_file/index.php(23): require_once('...')
#51 {main}

[previous exception] [object] (PDOException(code: 1045): SQLSTATE[HY000] [1045] Access denied for user ''@'localhost' (using password: NO) at /var/www/html/Prime-Laravel-Form-Builder/main_file/vendor/laravel/framework/src/Illuminate/Database/Connectors/Connector.php:70)
[stacktrace]
#0 /var/www/html/Prime-Laravel-Form-Builder/main_file/vendor/laravel/framework/src/Illuminate/Database/Connectors/Connector.php(70): PDO->__construct()
#1 /var/www/html/Prime-Laravel-Form-Builder/main_file/vendor/laravel/framework/src/Illuminate/Database/Connectors/Connector.php(46): Illuminate\\Database\\Connectors\\Connector->createPdoConnection()
#2 /var/www/html/Prime-Laravel-Form-Builder/main_file/vendor/laravel/framework/src/Illuminate/Database/Connectors/MySqlConnector.php(24): Illuminate\\Database\\Connectors\\Connector->createConnection()
#3 /var/www/html/Prime-Laravel-Form-Builder/main_file/vendor/laravel/framework/src/Illuminate/Database/Connectors/ConnectionFactory.php(184): Illuminate\\Database\\Connectors\\MySqlConnector->connect()
#4 [internal function]: Illuminate\\Database\\Connectors\\ConnectionFactory->Illuminate\\Database\\Connectors\\{closure}()
#5 /var/www/html/Prime-Laravel-Form-Builder/main_file/vendor/laravel/framework/src/Illuminate/Database/Connection.php(1171): call_user_func()
#6 /var/www/html/Prime-Laravel-Form-Builder/main_file/vendor/laravel/framework/src/Illuminate/Database/Connection.php(1207): Illuminate\\Database\\Connection->getPdo()
#7 /var/www/html/Prime-Laravel-Form-Builder/main_file/vendor/laravel/framework/src/Illuminate/Database/Connection.php(486): Illuminate\\Database\\Connection->getReadPdo()
#8 /var/www/html/Prime-Laravel-Form-Builder/main_file/vendor/laravel/framework/src/Illuminate/Database/Connection.php(414): Illuminate\\Database\\Connection->getPdoForSelect()
#9 /var/www/html/Prime-Laravel-Form-Builder/main_file/vendor/laravel/framework/src/Illuminate/Database/Connection.php(753): Illuminate\\Database\\Connection->Illuminate\\Database\\{closure}()
#10 /var/www/html/Prime-Laravel-Form-Builder/main_file/vendor/laravel/framework/src/Illuminate/Database/Connection.php(720): Illuminate\\Database\\Connection->runQueryCallback()
#11 /var/www/html/Prime-Laravel-Form-Builder/main_file/vendor/laravel/framework/src/Illuminate/Database/Connection.php(422): Illuminate\\Database\\Connection->run()
#12 /var/www/html/Prime-Laravel-Form-Builder/main_file/vendor/laravel/framework/src/Illuminate/Database/Query/Builder.php(2650): Illuminate\\Database\\Connection->select()
#13 /var/www/html/Prime-Laravel-Form-Builder/main_file/vendor/laravel/framework/src/Illuminate/Database/Query/Builder.php(2638): Illuminate\\Database\\Query\\Builder->runSelect()
#14 /var/www/html/Prime-Laravel-Form-Builder/main_file/vendor/laravel/framework/src/Illuminate/Database/Query/Builder.php(3174): Illuminate\\Database\\Query\\Builder->Illuminate\\Database\\Query\\{closure}()
#15 /var/www/html/Prime-Laravel-Form-Builder/main_file/vendor/laravel/framework/src/Illuminate/Database/Query/Builder.php(2639): Illuminate\\Database\\Query\\Builder->onceWithColumns()
#16 /var/www/html/Prime-Laravel-Form-Builder/main_file/vendor/laravel/framework/src/Illuminate/Database/Eloquent/Builder.php(702): Illuminate\\Database\\Query\\Builder->get()
#17 /var/www/html/Prime-Laravel-Form-Builder/main_file/vendor/laravel/framework/src/Illuminate/Database/Eloquent/Builder.php(686): Illuminate\\Database\\Eloquent\\Builder->getModels()
#18 /var/www/html/Prime-Laravel-Form-Builder/main_file/vendor/laravel/framework/src/Illuminate/Database/Concerns/BuildsQueries.php(296): Illuminate\\Database\\Eloquent\\Builder->get()
#19 /var/www/html/Prime-Laravel-Form-Builder/main_file/app/Facades/Utility.php(141): Illuminate\\Database\\Eloquent\\Builder->first()
#20 /var/www/html/Prime-Laravel-Form-Builder/main_file/vendor/laravel/framework/src/Illuminate/Support/Facades/Facade.php(338): App\\Facades\\Utility->getsettings()
#21 /var/www/html/Prime-Laravel-Form-Builder/main_file/app/Http/Middleware/Setting.php(14): Illuminate\\Support\\Facades\\Facade::__callStatic()
#22 /var/www/html/Prime-Laravel-Form-Builder/main_file/vendor/laravel/framework/src/Illuminate/Pipeline/Pipeline.php(180): App\\Http\\Middleware\\Setting->handle()
#23 /var/www/html/Prime-Laravel-Form-Builder/main_file/vendor/laravel/framework/src/Illuminate/Routing/Middleware/SubstituteBindings.php(50): Illuminate\\Pipeline\\Pipeline->Illuminate\\Pipeline\\{closure}()
#24 /var/www/html/Prime-Laravel-Form-Builder/main_file/vendor/laravel/framework/src/Illuminate/Pipeline/Pipeline.php(180): Illuminate\\Routing\\Middleware\\SubstituteBindings->handle()
#25 /var/www/html/Prime-Laravel-Form-Builder/main_file/vendor/laravel/framework/src/Illuminate/Foundation/Http/Middleware/VerifyCsrfToken.php(78): Illuminate\\Pipeline\\Pipeline->Illuminate\\Pipeline\\{closure}()
#26 /var/www/html/Prime-Laravel-Form-Builder/main_file/vendor/laravel/framework/src/Illuminate/Pipeline/Pipeline.php(180): Illuminate\\Foundation\\Http\\Middleware\\VerifyCsrfToken->handle()
#27 /var/www/html/Prime-Laravel-Form-Builder/main_file/vendor/laravel/framework/src/Illuminate/View/Middleware/ShareErrorsFromSession.php(49): Illuminate\\Pipeline\\Pipeline->Illuminate\\Pipeline\\{closure}()
#28 /var/www/html/Prime-Laravel-Form-Builder/main_file/vendor/laravel/framework/src/Illuminate/Pipeline/Pipeline.php(180): Illuminate\\View\\Middleware\\ShareErrorsFromSession->handle()
#29 /var/www/html/Prime-Laravel-Form-Builder/main_file/vendor/laravel/framework/src/Illuminate/Session/Middleware/StartSession.php(121): Illuminate\\Pipeline\\Pipeline->Illuminate\\Pipeline\\{closure}()
#30 /var/www/html/Prime-Laravel-Form-Builder/main_file/vendor/laravel/framework/src/Illuminate/Session/Middleware/StartSession.php(64): Illuminate\\Session\\Middleware\\StartSession->handleStatefulRequest()
#31 /var/www/html/Prime-Laravel-Form-Builder/main_file/vendor/laravel/framework/src/Illuminate/Pipeline/Pipeline.php(180): Illuminate\\Session\\Middleware\\StartSession->handle()
#32 /var/www/html/Prime-Laravel-Form-Builder/main_file/vendor/laravel/framework/src/Illuminate/Cookie/Middleware/AddQueuedCookiesToResponse.php(37): Illuminate\\Pipeline\\Pipeline->Illuminate\\Pipeline\\{closure}()
#33 /var/www/html/Prime-Laravel-Form-Builder/main_file/vendor/laravel/framework/src/Illuminate/Pipeline/Pipeline.php(180): Illuminate\\Cookie\\Middleware\\AddQueuedCookiesToResponse->handle()
#34 /var/www/html/Prime-Laravel-Form-Builder/main_file/vendor/laravel/framework/src/Illuminate/Cookie/Middleware/EncryptCookies.php(67): Illuminate\\Pipeline\\Pipeline->Illuminate\\Pipeline\\{closure}()
#35 /var/www/html/Prime-Laravel-Form-Builder/main_file/vendor/laravel/framework/src/Illuminate/Pipeline/Pipeline.php(180): Illuminate\\Cookie\\Middleware\\EncryptCookies->handle()
#36 /var/www/html/Prime-Laravel-Form-Builder/main_file/vendor/laravel/framework/src/Illuminate/Pipeline/Pipeline.php(116): Illuminate\\Pipeline\\Pipeline->Illuminate\\Pipeline\\{closure}()
#37 /var/www/html/Prime-Laravel-Form-Builder/main_file/vendor/laravel/framework/src/Illuminate/Routing/Router.php(738): Illuminate\\Pipeline\\Pipeline->then()
#38 /var/www/html/Prime-Laravel-Form-Builder/main_file/vendor/laravel/framework/src/Illuminate/Routing/Router.php(714): Illuminate\\Routing\\Router->runRouteWithinStack()
#39 /var/www/html/Prime-Laravel-Form-Builder/main_file/vendor/laravel/framework/src/Illuminate/Routing/Router.php(677): Illuminate\\Routing\\Router->runRoute()
#40 /var/www/html/Prime-Laravel-Form-Builder/main_file/vendor/laravel/framework/src/Illuminate/Routing/Router.php(666): Illuminate\\Routing\\Router->dispatchToRoute()
#41 /var/www/html/Prime-Laravel-Form-Builder/main_file/vendor/laravel/framework/src/Illuminate/Foundation/Http/Kernel.php(190): Illuminate\\Routing\\Router->dispatch()
#42 /var/www/html/Prime-Laravel-Form-Builder/main_file/vendor/laravel/framework/src/Illuminate/Pipeline/Pipeline.php(141): Illuminate\\Foundation\\Http\\Kernel->Illuminate\\Foundation\\Http\\{closure}()
#43 /var/www/html/Prime-Laravel-Form-Builder/main_file/vendor/fideloper/proxy/src/TrustProxies.php(57): Illuminate\\Pipeline\\Pipeline->Illuminate\\Pipeline\\{closure}()
#44 /var/www/html/Prime-Laravel-Form-Builder/main_file/vendor/laravel/framework/src/Illuminate/Pipeline/Pipeline.php(180): Fideloper\\Proxy\\TrustProxies->handle()
#45 /var/www/html/Prime-Laravel-Form-Builder/main_file/vendor/laravel/framework/src/Illuminate/Foundation/Http/Middleware/TransformsRequest.php(21): Illuminate\\Pipeline\\Pipeline->Illuminate\\Pipeline\\{closure}()
#46 /var/www/html/Prime-Laravel-Form-Builder/main_file/vendor/laravel/framework/src/Illuminate/Foundation/Http/Middleware/ConvertEmptyStringsToNull.php(31): Illuminate\\Foundation\\Http\\Middleware\\TransformsRequest->handle()
#47 /var/www/html/Prime-Laravel-Form-Builder/main_file/vendor/laravel/framework/src/Illuminate/Pipeline/Pipeline.php(180): Illuminate\\Foundation\\Http\\Middleware\\ConvertEmptyStringsToNull->handle()
#48 /var/www/html/Prime-Laravel-Form-Builder/main_file/vendor/laravel/framework/src/Illuminate/Foundation/Http/Middleware/TransformsRequest.php(21): Illuminate\\Pipeline\\Pipeline->Illuminate\\Pipeline\\{closure}()
#49 /var/www/html/Prime-Laravel-Form-Builder/main_file/vendor/laravel/framework/src/Illuminate/Foundation/Http/Middleware/TrimStrings.php(40): Illuminate\\Foundation\\Http\\Middleware\\TransformsRequest->handle()
#50 /var/www/html/Prime-Laravel-Form-Builder/main_file/vendor/laravel/framework/src/Illuminate/Pipeline/Pipeline.php(180): Illuminate\\Foundation\\Http\\Middleware\\TrimStrings->handle()
#51 /var/www/html/Prime-Laravel-Form-Builder/main_file/vendor/laravel/framework/src/Illuminate/Foundation/Http/Middleware/ValidatePostSize.php(27): Illuminate\\Pipeline\\Pipeline->Illuminate\\Pipeline\\{closure}()
#52 /var/www/html/Prime-Laravel-Form-Builder/main_file/vendor/laravel/framework/src/Illuminate/Pipeline/Pipeline.php(180): Illuminate\\Foundation\\Http\\Middleware\\ValidatePostSize->handle()
#53 /var/www/html/Prime-Laravel-Form-Builder/main_file/vendor/laravel/framework/src/Illuminate/Foundation/Http/Middleware/PreventRequestsDuringMaintenance.php(86): Illuminate\\Pipeline\\Pipeline->Illuminate\\Pipeline\\{closure}()
#54 /var/www/html/Prime-Laravel-Form-Builder/main_file/vendor/laravel/framework/src/Illuminate/Pipeline/Pipeline.php(180): Illuminate\\Foundation\\Http\\Middleware\\PreventRequestsDuringMaintenance->handle()
#55 /var/www/html/Prime-Laravel-Form-Builder/main_file/vendor/laravel/framework/src/Illuminate/Pipeline/Pipeline.php(116): Illuminate\\Pipeline\\Pipeline->Illuminate\\Pipeline\\{closure}()
#56 /var/www/html/Prime-Laravel-Form-Builder/main_file/vendor/laravel/framework/src/Illuminate/Foundation/Http/Kernel.php(165): Illuminate\\Pipeline\\Pipeline->then()
#57 /var/www/html/Prime-Laravel-Form-Builder/main_file/vendor/laravel/framework/src/Illuminate/Foundation/Http/Kernel.php(134): Illuminate\\Foundation\\Http\\Kernel->sendRequestThroughRouter()
#58 /var/www/html/Prime-Laravel-Form-Builder/main_file/public/index.php(52): Illuminate\\Foundation\\Http\\Kernel->handle()
#59 /var/www/html/Prime-Laravel-Form-Builder/main_file/verification.php(55): require_once('...')
#60 /var/www/html/Prime-Laravel-Form-Builder/main_file/index.php(23): require_once('...')
#61 {main}
"} 
[2023-04-05 04:34:38] local.ERROR: SQLSTATE[HY000] [1045] Access denied for user ''@'localhost' (using password: NO) (SQL: select `value` from `settings` where `key` = google_client_id limit 1) {"exception":"[object] (Illuminate\\Database\\QueryException(code: 1045): SQLSTATE[HY000] [1045] Access denied for user ''@'localhost' (using password: NO) (SQL: select `value` from `settings` where `key` = google_client_id limit 1) at /var/www/html/Prime-Laravel-Form-Builder/main_file/vendor/laravel/framework/src/Illuminate/Database/Connection.php:760)
[stacktrace]
#0 /var/www/html/Prime-Laravel-Form-Builder/main_file/vendor/laravel/framework/src/Illuminate/Database/Connection.php(720): Illuminate\\Database\\Connection->runQueryCallback()
#1 /var/www/html/Prime-Laravel-Form-Builder/main_file/vendor/laravel/framework/src/Illuminate/Database/Connection.php(422): Illuminate\\Database\\Connection->run()
#2 /var/www/html/Prime-Laravel-Form-Builder/main_file/vendor/laravel/framework/src/Illuminate/Database/Query/Builder.php(2650): Illuminate\\Database\\Connection->select()
#3 /var/www/html/Prime-Laravel-Form-Builder/main_file/vendor/laravel/framework/src/Illuminate/Database/Query/Builder.php(2638): Illuminate\\Database\\Query\\Builder->runSelect()
#4 /var/www/html/Prime-Laravel-Form-Builder/main_file/vendor/laravel/framework/src/Illuminate/Database/Query/Builder.php(3174): Illuminate\\Database\\Query\\Builder->Illuminate\\Database\\Query\\{closure}()
#5 /var/www/html/Prime-Laravel-Form-Builder/main_file/vendor/laravel/framework/src/Illuminate/Database/Query/Builder.php(2639): Illuminate\\Database\\Query\\Builder->onceWithColumns()
#6 /var/www/html/Prime-Laravel-Form-Builder/main_file/vendor/laravel/framework/src/Illuminate/Database/Eloquent/Builder.php(702): Illuminate\\Database\\Query\\Builder->get()
#7 /var/www/html/Prime-Laravel-Form-Builder/main_file/vendor/laravel/framework/src/Illuminate/Database/Eloquent/Builder.php(686): Illuminate\\Database\\Eloquent\\Builder->getModels()
#8 /var/www/html/Prime-Laravel-Form-Builder/main_file/vendor/laravel/framework/src/Illuminate/Database/Concerns/BuildsQueries.php(296): Illuminate\\Database\\Eloquent\\Builder->get()
#9 /var/www/html/Prime-Laravel-Form-Builder/main_file/app/Facades/Utility.php(141): Illuminate\\Database\\Eloquent\\Builder->first()
#10 /var/www/html/Prime-Laravel-Form-Builder/main_file/vendor/laravel/framework/src/Illuminate/Support/Facades/Facade.php(338): App\\Facades\\Utility->getsettings()
#11 /var/www/html/Prime-Laravel-Form-Builder/main_file/app/Http/Middleware/Setting.php(14): Illuminate\\Support\\Facades\\Facade::__callStatic()
#12 /var/www/html/Prime-Laravel-Form-Builder/main_file/vendor/laravel/framework/src/Illuminate/Pipeline/Pipeline.php(180): App\\Http\\Middleware\\Setting->handle()
#13 /var/www/html/Prime-Laravel-Form-Builder/main_file/vendor/laravel/framework/src/Illuminate/Routing/Middleware/SubstituteBindings.php(50): Illuminate\\Pipeline\\Pipeline->Illuminate\\Pipeline\\{closure}()
#14 /var/www/html/Prime-Laravel-Form-Builder/main_file/vendor/laravel/framework/src/Illuminate/Pipeline/Pipeline.php(180): Illuminate\\Routing\\Middleware\\SubstituteBindings->handle()
#15 /var/www/html/Prime-Laravel-Form-Builder/main_file/vendor/laravel/framework/src/Illuminate/Foundation/Http/Middleware/VerifyCsrfToken.php(78): Illuminate\\Pipeline\\Pipeline->Illuminate\\Pipeline\\{closure}()
#16 /var/www/html/Prime-Laravel-Form-Builder/main_file/vendor/laravel/framework/src/Illuminate/Pipeline/Pipeline.php(180): Illuminate\\Foundation\\Http\\Middleware\\VerifyCsrfToken->handle()
#17 /var/www/html/Prime-Laravel-Form-Builder/main_file/vendor/laravel/framework/src/Illuminate/View/Middleware/ShareErrorsFromSession.php(49): Illuminate\\Pipeline\\Pipeline->Illuminate\\Pipeline\\{closure}()
#18 /var/www/html/Prime-Laravel-Form-Builder/main_file/vendor/laravel/framework/src/Illuminate/Pipeline/Pipeline.php(180): Illuminate\\View\\Middleware\\ShareErrorsFromSession->handle()
#19 /var/www/html/Prime-Laravel-Form-Builder/main_file/vendor/laravel/framework/src/Illuminate/Session/Middleware/StartSession.php(121): Illuminate\\Pipeline\\Pipeline->Illuminate\\Pipeline\\{closure}()
#20 /var/www/html/Prime-Laravel-Form-Builder/main_file/vendor/laravel/framework/src/Illuminate/Session/Middleware/StartSession.php(64): Illuminate\\Session\\Middleware\\StartSession->handleStatefulRequest()
#21 /var/www/html/Prime-Laravel-Form-Builder/main_file/vendor/laravel/framework/src/Illuminate/Pipeline/Pipeline.php(180): Illuminate\\Session\\Middleware\\StartSession->handle()
#22 /var/www/html/Prime-Laravel-Form-Builder/main_file/vendor/laravel/framework/src/Illuminate/Cookie/Middleware/AddQueuedCookiesToResponse.php(37): Illuminate\\Pipeline\\Pipeline->Illuminate\\Pipeline\\{closure}()
#23 /var/www/html/Prime-Laravel-Form-Builder/main_file/vendor/laravel/framework/src/Illuminate/Pipeline/Pipeline.php(180): Illuminate\\Cookie\\Middleware\\AddQueuedCookiesToResponse->handle()
#24 /var/www/html/Prime-Laravel-Form-Builder/main_file/vendor/laravel/framework/src/Illuminate/Cookie/Middleware/EncryptCookies.php(67): Illuminate\\Pipeline\\Pipeline->Illuminate\\Pipeline\\{closure}()
#25 /var/www/html/Prime-Laravel-Form-Builder/main_file/vendor/laravel/framework/src/Illuminate/Pipeline/Pipeline.php(180): Illuminate\\Cookie\\Middleware\\EncryptCookies->handle()
#26 /var/www/html/Prime-Laravel-Form-Builder/main_file/vendor/laravel/framework/src/Illuminate/Pipeline/Pipeline.php(116): Illuminate\\Pipeline\\Pipeline->Illuminate\\Pipeline\\{closure}()
#27 /var/www/html/Prime-Laravel-Form-Builder/main_file/vendor/laravel/framework/src/Illuminate/Routing/Router.php(738): Illuminate\\Pipeline\\Pipeline->then()
#28 /var/www/html/Prime-Laravel-Form-Builder/main_file/vendor/laravel/framework/src/Illuminate/Routing/Router.php(714): Illuminate\\Routing\\Router->runRouteWithinStack()
#29 /var/www/html/Prime-Laravel-Form-Builder/main_file/vendor/laravel/framework/src/Illuminate/Routing/Router.php(677): Illuminate\\Routing\\Router->runRoute()
#30 /var/www/html/Prime-Laravel-Form-Builder/main_file/vendor/laravel/framework/src/Illuminate/Routing/Router.php(666): Illuminate\\Routing\\Router->dispatchToRoute()
#31 /var/www/html/Prime-Laravel-Form-Builder/main_file/vendor/laravel/framework/src/Illuminate/Foundation/Http/Kernel.php(190): Illuminate\\Routing\\Router->dispatch()
#32 /var/www/html/Prime-Laravel-Form-Builder/main_file/vendor/laravel/framework/src/Illuminate/Pipeline/Pipeline.php(141): Illuminate\\Foundation\\Http\\Kernel->Illuminate\\Foundation\\Http\\{closure}()
#33 /var/www/html/Prime-Laravel-Form-Builder/main_file/vendor/fideloper/proxy/src/TrustProxies.php(57): Illuminate\\Pipeline\\Pipeline->Illuminate\\Pipeline\\{closure}()
#34 /var/www/html/Prime-Laravel-Form-Builder/main_file/vendor/laravel/framework/src/Illuminate/Pipeline/Pipeline.php(180): Fideloper\\Proxy\\TrustProxies->handle()
#35 /var/www/html/Prime-Laravel-Form-Builder/main_file/vendor/laravel/framework/src/Illuminate/Foundation/Http/Middleware/TransformsRequest.php(21): Illuminate\\Pipeline\\Pipeline->Illuminate\\Pipeline\\{closure}()
#36 /var/www/html/Prime-Laravel-Form-Builder/main_file/vendor/laravel/framework/src/Illuminate/Foundation/Http/Middleware/ConvertEmptyStringsToNull.php(31): Illuminate\\Foundation\\Http\\Middleware\\TransformsRequest->handle()
#37 /var/www/html/Prime-Laravel-Form-Builder/main_file/vendor/laravel/framework/src/Illuminate/Pipeline/Pipeline.php(180): Illuminate\\Foundation\\Http\\Middleware\\ConvertEmptyStringsToNull->handle()
#38 /var/www/html/Prime-Laravel-Form-Builder/main_file/vendor/laravel/framework/src/Illuminate/Foundation/Http/Middleware/TransformsRequest.php(21): Illuminate\\Pipeline\\Pipeline->Illuminate\\Pipeline\\{closure}()
#39 /var/www/html/Prime-Laravel-Form-Builder/main_file/vendor/laravel/framework/src/Illuminate/Foundation/Http/Middleware/TrimStrings.php(40): Illuminate\\Foundation\\Http\\Middleware\\TransformsRequest->handle()
#40 /var/www/html/Prime-Laravel-Form-Builder/main_file/vendor/laravel/framework/src/Illuminate/Pipeline/Pipeline.php(180): Illuminate\\Foundation\\Http\\Middleware\\TrimStrings->handle()
#41 /var/www/html/Prime-Laravel-Form-Builder/main_file/vendor/laravel/framework/src/Illuminate/Foundation/Http/Middleware/ValidatePostSize.php(27): Illuminate\\Pipeline\\Pipeline->Illuminate\\Pipeline\\{closure}()
#42 /var/www/html/Prime-Laravel-Form-Builder/main_file/vendor/laravel/framework/src/Illuminate/Pipeline/Pipeline.php(180): Illuminate\\Foundation\\Http\\Middleware\\ValidatePostSize->handle()
#43 /var/www/html/Prime-Laravel-Form-Builder/main_file/vendor/laravel/framework/src/Illuminate/Foundation/Http/Middleware/PreventRequestsDuringMaintenance.php(86): Illuminate\\Pipeline\\Pipeline->Illuminate\\Pipeline\\{closure}()
#44 /var/www/html/Prime-Laravel-Form-Builder/main_file/vendor/laravel/framework/src/Illuminate/Pipeline/Pipeline.php(180): Illuminate\\Foundation\\Http\\Middleware\\PreventRequestsDuringMaintenance->handle()
#45 /var/www/html/Prime-Laravel-Form-Builder/main_file/vendor/laravel/framework/src/Illuminate/Pipeline/Pipeline.php(116): Illuminate\\Pipeline\\Pipeline->Illuminate\\Pipeline\\{closure}()
#46 /var/www/html/Prime-Laravel-Form-Builder/main_file/vendor/laravel/framework/src/Illuminate/Foundation/Http/Kernel.php(165): Illuminate\\Pipeline\\Pipeline->then()
#47 /var/www/html/Prime-Laravel-Form-Builder/main_file/vendor/laravel/framework/src/Illuminate/Foundation/Http/Kernel.php(134): Illuminate\\Foundation\\Http\\Kernel->sendRequestThroughRouter()
#48 /var/www/html/Prime-Laravel-Form-Builder/main_file/public/index.php(52): Illuminate\\Foundation\\Http\\Kernel->handle()
#49 /var/www/html/Prime-Laravel-Form-Builder/main_file/verification.php(55): require_once('...')
#50 /var/www/html/Prime-Laravel-Form-Builder/main_file/index.php(23): require_once('...')
#51 {main}

[previous exception] [object] (PDOException(code: 1045): SQLSTATE[HY000] [1045] Access denied for user ''@'localhost' (using password: NO) at /var/www/html/Prime-Laravel-Form-Builder/main_file/vendor/laravel/framework/src/Illuminate/Database/Connectors/Connector.php:70)
[stacktrace]
#0 /var/www/html/Prime-Laravel-Form-Builder/main_file/vendor/laravel/framework/src/Illuminate/Database/Connectors/Connector.php(70): PDO->__construct()
#1 /var/www/html/Prime-Laravel-Form-Builder/main_file/vendor/laravel/framework/src/Illuminate/Database/Connectors/Connector.php(46): Illuminate\\Database\\Connectors\\Connector->createPdoConnection()
#2 /var/www/html/Prime-Laravel-Form-Builder/main_file/vendor/laravel/framework/src/Illuminate/Database/Connectors/MySqlConnector.php(24): Illuminate\\Database\\Connectors\\Connector->createConnection()
#3 /var/www/html/Prime-Laravel-Form-Builder/main_file/vendor/laravel/framework/src/Illuminate/Database/Connectors/ConnectionFactory.php(184): Illuminate\\Database\\Connectors\\MySqlConnector->connect()
#4 [internal function]: Illuminate\\Database\\Connectors\\ConnectionFactory->Illuminate\\Database\\Connectors\\{closure}()
#5 /var/www/html/Prime-Laravel-Form-Builder/main_file/vendor/laravel/framework/src/Illuminate/Database/Connection.php(1171): call_user_func()
#6 /var/www/html/Prime-Laravel-Form-Builder/main_file/vendor/laravel/framework/src/Illuminate/Database/Connection.php(1207): Illuminate\\Database\\Connection->getPdo()
#7 /var/www/html/Prime-Laravel-Form-Builder/main_file/vendor/laravel/framework/src/Illuminate/Database/Connection.php(486): Illuminate\\Database\\Connection->getReadPdo()
#8 /var/www/html/Prime-Laravel-Form-Builder/main_file/vendor/laravel/framework/src/Illuminate/Database/Connection.php(414): Illuminate\\Database\\Connection->getPdoForSelect()
#9 /var/www/html/Prime-Laravel-Form-Builder/main_file/vendor/laravel/framework/src/Illuminate/Database/Connection.php(753): Illuminate\\Database\\Connection->Illuminate\\Database\\{closure}()
#10 /var/www/html/Prime-Laravel-Form-Builder/main_file/vendor/laravel/framework/src/Illuminate/Database/Connection.php(720): Illuminate\\Database\\Connection->runQueryCallback()
#11 /var/www/html/Prime-Laravel-Form-Builder/main_file/vendor/laravel/framework/src/Illuminate/Database/Connection.php(422): Illuminate\\Database\\Connection->run()
#12 /var/www/html/Prime-Laravel-Form-Builder/main_file/vendor/laravel/framework/src/Illuminate/Database/Query/Builder.php(2650): Illuminate\\Database\\Connection->select()
#13 /var/www/html/Prime-Laravel-Form-Builder/main_file/vendor/laravel/framework/src/Illuminate/Database/Query/Builder.php(2638): Illuminate\\Database\\Query\\Builder->runSelect()
#14 /var/www/html/Prime-Laravel-Form-Builder/main_file/vendor/laravel/framework/src/Illuminate/Database/Query/Builder.php(3174): Illuminate\\Database\\Query\\Builder->Illuminate\\Database\\Query\\{closure}()
#15 /var/www/html/Prime-Laravel-Form-Builder/main_file/vendor/laravel/framework/src/Illuminate/Database/Query/Builder.php(2639): Illuminate\\Database\\Query\\Builder->onceWithColumns()
#16 /var/www/html/Prime-Laravel-Form-Builder/main_file/vendor/laravel/framework/src/Illuminate/Database/Eloquent/Builder.php(702): Illuminate\\Database\\Query\\Builder->get()
#17 /var/www/html/Prime-Laravel-Form-Builder/main_file/vendor/laravel/framework/src/Illuminate/Database/Eloquent/Builder.php(686): Illuminate\\Database\\Eloquent\\Builder->getModels()
#18 /var/www/html/Prime-Laravel-Form-Builder/main_file/vendor/laravel/framework/src/Illuminate/Database/Concerns/BuildsQueries.php(296): Illuminate\\Database\\Eloquent\\Builder->get()
#19 /var/www/html/Prime-Laravel-Form-Builder/main_file/app/Facades/Utility.php(141): Illuminate\\Database\\Eloquent\\Builder->first()
#20 /var/www/html/Prime-Laravel-Form-Builder/main_file/vendor/laravel/framework/src/Illuminate/Support/Facades/Facade.php(338): App\\Facades\\Utility->getsettings()
#21 /var/www/html/Prime-Laravel-Form-Builder/main_file/app/Http/Middleware/Setting.php(14): Illuminate\\Support\\Facades\\Facade::__callStatic()
#22 /var/www/html/Prime-Laravel-Form-Builder/main_file/vendor/laravel/framework/src/Illuminate/Pipeline/Pipeline.php(180): App\\Http\\Middleware\\Setting->handle()
#23 /var/www/html/Prime-Laravel-Form-Builder/main_file/vendor/laravel/framework/src/Illuminate/Routing/Middleware/SubstituteBindings.php(50): Illuminate\\Pipeline\\Pipeline->Illuminate\\Pipeline\\{closure}()
#24 /var/www/html/Prime-Laravel-Form-Builder/main_file/vendor/laravel/framework/src/Illuminate/Pipeline/Pipeline.php(180): Illuminate\\Routing\\Middleware\\SubstituteBindings->handle()
#25 /var/www/html/Prime-Laravel-Form-Builder/main_file/vendor/laravel/framework/src/Illuminate/Foundation/Http/Middleware/VerifyCsrfToken.php(78): Illuminate\\Pipeline\\Pipeline->Illuminate\\Pipeline\\{closure}()
#26 /var/www/html/Prime-Laravel-Form-Builder/main_file/vendor/laravel/framework/src/Illuminate/Pipeline/Pipeline.php(180): Illuminate\\Foundation\\Http\\Middleware\\VerifyCsrfToken->handle()
#27 /var/www/html/Prime-Laravel-Form-Builder/main_file/vendor/laravel/framework/src/Illuminate/View/Middleware/ShareErrorsFromSession.php(49): Illuminate\\Pipeline\\Pipeline->Illuminate\\Pipeline\\{closure}()
#28 /var/www/html/Prime-Laravel-Form-Builder/main_file/vendor/laravel/framework/src/Illuminate/Pipeline/Pipeline.php(180): Illuminate\\View\\Middleware\\ShareErrorsFromSession->handle()
#29 /var/www/html/Prime-Laravel-Form-Builder/main_file/vendor/laravel/framework/src/Illuminate/Session/Middleware/StartSession.php(121): Illuminate\\Pipeline\\Pipeline->Illuminate\\Pipeline\\{closure}()
#30 /var/www/html/Prime-Laravel-Form-Builder/main_file/vendor/laravel/framework/src/Illuminate/Session/Middleware/StartSession.php(64): Illuminate\\Session\\Middleware\\StartSession->handleStatefulRequest()
#31 /var/www/html/Prime-Laravel-Form-Builder/main_file/vendor/laravel/framework/src/Illuminate/Pipeline/Pipeline.php(180): Illuminate\\Session\\Middleware\\StartSession->handle()
#32 /var/www/html/Prime-Laravel-Form-Builder/main_file/vendor/laravel/framework/src/Illuminate/Cookie/Middleware/AddQueuedCookiesToResponse.php(37): Illuminate\\Pipeline\\Pipeline->Illuminate\\Pipeline\\{closure}()
#33 /var/www/html/Prime-Laravel-Form-Builder/main_file/vendor/laravel/framework/src/Illuminate/Pipeline/Pipeline.php(180): Illuminate\\Cookie\\Middleware\\AddQueuedCookiesToResponse->handle()
#34 /var/www/html/Prime-Laravel-Form-Builder/main_file/vendor/laravel/framework/src/Illuminate/Cookie/Middleware/EncryptCookies.php(67): Illuminate\\Pipeline\\Pipeline->Illuminate\\Pipeline\\{closure}()
#35 /var/www/html/Prime-Laravel-Form-Builder/main_file/vendor/laravel/framework/src/Illuminate/Pipeline/Pipeline.php(180): Illuminate\\Cookie\\Middleware\\EncryptCookies->handle()
#36 /var/www/html/Prime-Laravel-Form-Builder/main_file/vendor/laravel/framework/src/Illuminate/Pipeline/Pipeline.php(116): Illuminate\\Pipeline\\Pipeline->Illuminate\\Pipeline\\{closure}()
#37 /var/www/html/Prime-Laravel-Form-Builder/main_file/vendor/laravel/framework/src/Illuminate/Routing/Router.php(738): Illuminate\\Pipeline\\Pipeline->then()
#38 /var/www/html/Prime-Laravel-Form-Builder/main_file/vendor/laravel/framework/src/Illuminate/Routing/Router.php(714): Illuminate\\Routing\\Router->runRouteWithinStack()
#39 /var/www/html/Prime-Laravel-Form-Builder/main_file/vendor/laravel/framework/src/Illuminate/Routing/Router.php(677): Illuminate\\Routing\\Router->runRoute()
#40 /var/www/html/Prime-Laravel-Form-Builder/main_file/vendor/laravel/framework/src/Illuminate/Routing/Router.php(666): Illuminate\\Routing\\Router->dispatchToRoute()
#41 /var/www/html/Prime-Laravel-Form-Builder/main_file/vendor/laravel/framework/src/Illuminate/Foundation/Http/Kernel.php(190): Illuminate\\Routing\\Router->dispatch()
#42 /var/www/html/Prime-Laravel-Form-Builder/main_file/vendor/laravel/framework/src/Illuminate/Pipeline/Pipeline.php(141): Illuminate\\Foundation\\Http\\Kernel->Illuminate\\Foundation\\Http\\{closure}()
#43 /var/www/html/Prime-Laravel-Form-Builder/main_file/vendor/fideloper/proxy/src/TrustProxies.php(57): Illuminate\\Pipeline\\Pipeline->Illuminate\\Pipeline\\{closure}()
#44 /var/www/html/Prime-Laravel-Form-Builder/main_file/vendor/laravel/framework/src/Illuminate/Pipeline/Pipeline.php(180): Fideloper\\Proxy\\TrustProxies->handle()
#45 /var/www/html/Prime-Laravel-Form-Builder/main_file/vendor/laravel/framework/src/Illuminate/Foundation/Http/Middleware/TransformsRequest.php(21): Illuminate\\Pipeline\\Pipeline->Illuminate\\Pipeline\\{closure}()
#46 /var/www/html/Prime-Laravel-Form-Builder/main_file/vendor/laravel/framework/src/Illuminate/Foundation/Http/Middleware/ConvertEmptyStringsToNull.php(31): Illuminate\\Foundation\\Http\\Middleware\\TransformsRequest->handle()
#47 /var/www/html/Prime-Laravel-Form-Builder/main_file/vendor/laravel/framework/src/Illuminate/Pipeline/Pipeline.php(180): Illuminate\\Foundation\\Http\\Middleware\\ConvertEmptyStringsToNull->handle()
#48 /var/www/html/Prime-Laravel-Form-Builder/main_file/vendor/laravel/framework/src/Illuminate/Foundation/Http/Middleware/TransformsRequest.php(21): Illuminate\\Pipeline\\Pipeline->Illuminate\\Pipeline\\{closure}()
#49 /var/www/html/Prime-Laravel-Form-Builder/main_file/vendor/laravel/framework/src/Illuminate/Foundation/Http/Middleware/TrimStrings.php(40): Illuminate\\Foundation\\Http\\Middleware\\TransformsRequest->handle()
#50 /var/www/html/Prime-Laravel-Form-Builder/main_file/vendor/laravel/framework/src/Illuminate/Pipeline/Pipeline.php(180): Illuminate\\Foundation\\Http\\Middleware\\TrimStrings->handle()
#51 /var/www/html/Prime-Laravel-Form-Builder/main_file/vendor/laravel/framework/src/Illuminate/Foundation/Http/Middleware/ValidatePostSize.php(27): Illuminate\\Pipeline\\Pipeline->Illuminate\\Pipeline\\{closure}()
#52 /var/www/html/Prime-Laravel-Form-Builder/main_file/vendor/laravel/framework/src/Illuminate/Pipeline/Pipeline.php(180): Illuminate\\Foundation\\Http\\Middleware\\ValidatePostSize->handle()
#53 /var/www/html/Prime-Laravel-Form-Builder/main_file/vendor/laravel/framework/src/Illuminate/Foundation/Http/Middleware/PreventRequestsDuringMaintenance.php(86): Illuminate\\Pipeline\\Pipeline->Illuminate\\Pipeline\\{closure}()
#54 /var/www/html/Prime-Laravel-Form-Builder/main_file/vendor/laravel/framework/src/Illuminate/Pipeline/Pipeline.php(180): Illuminate\\Foundation\\Http\\Middleware\\PreventRequestsDuringMaintenance->handle()
#55 /var/www/html/Prime-Laravel-Form-Builder/main_file/vendor/laravel/framework/src/Illuminate/Pipeline/Pipeline.php(116): Illuminate\\Pipeline\\Pipeline->Illuminate\\Pipeline\\{closure}()
#56 /var/www/html/Prime-Laravel-Form-Builder/main_file/vendor/laravel/framework/src/Illuminate/Foundation/Http/Kernel.php(165): Illuminate\\Pipeline\\Pipeline->then()
#57 /var/www/html/Prime-Laravel-Form-Builder/main_file/vendor/laravel/framework/src/Illuminate/Foundation/Http/Kernel.php(134): Illuminate\\Foundation\\Http\\Kernel->sendRequestThroughRouter()
#58 /var/www/html/Prime-Laravel-Form-Builder/main_file/public/index.php(52): Illuminate\\Foundation\\Http\\Kernel->handle()
#59 /var/www/html/Prime-Laravel-Form-Builder/main_file/verification.php(55): require_once('...')
#60 /var/www/html/Prime-Laravel-Form-Builder/main_file/index.php(23): require_once('...')
#61 {main}
"} 
[2023-04-05 04:35:04] local.ERROR: SQLSTATE[HY000] [1045] Access denied for user ''@'localhost' (using password: NO) (SQL: select `value` from `settings` where `key` = google_client_id limit 1) {"exception":"[object] (Illuminate\\Database\\QueryException(code: 1045): SQLSTATE[HY000] [1045] Access denied for user ''@'localhost' (using password: NO) (SQL: select `value` from `settings` where `key` = google_client_id limit 1) at /var/www/html/Prime-Laravel-Form-Builder/main_file/vendor/laravel/framework/src/Illuminate/Database/Connection.php:760)
[stacktrace]
#0 /var/www/html/Prime-Laravel-Form-Builder/main_file/vendor/laravel/framework/src/Illuminate/Database/Connection.php(720): Illuminate\\Database\\Connection->runQueryCallback()
#1 /var/www/html/Prime-Laravel-Form-Builder/main_file/vendor/laravel/framework/src/Illuminate/Database/Connection.php(422): Illuminate\\Database\\Connection->run()
#2 /var/www/html/Prime-Laravel-Form-Builder/main_file/vendor/laravel/framework/src/Illuminate/Database/Query/Builder.php(2650): Illuminate\\Database\\Connection->select()
#3 /var/www/html/Prime-Laravel-Form-Builder/main_file/vendor/laravel/framework/src/Illuminate/Database/Query/Builder.php(2638): Illuminate\\Database\\Query\\Builder->runSelect()
#4 /var/www/html/Prime-Laravel-Form-Builder/main_file/vendor/laravel/framework/src/Illuminate/Database/Query/Builder.php(3174): Illuminate\\Database\\Query\\Builder->Illuminate\\Database\\Query\\{closure}()
#5 /var/www/html/Prime-Laravel-Form-Builder/main_file/vendor/laravel/framework/src/Illuminate/Database/Query/Builder.php(2639): Illuminate\\Database\\Query\\Builder->onceWithColumns()
#6 /var/www/html/Prime-Laravel-Form-Builder/main_file/vendor/laravel/framework/src/Illuminate/Database/Eloquent/Builder.php(702): Illuminate\\Database\\Query\\Builder->get()
#7 /var/www/html/Prime-Laravel-Form-Builder/main_file/vendor/laravel/framework/src/Illuminate/Database/Eloquent/Builder.php(686): Illuminate\\Database\\Eloquent\\Builder->getModels()
#8 /var/www/html/Prime-Laravel-Form-Builder/main_file/vendor/laravel/framework/src/Illuminate/Database/Concerns/BuildsQueries.php(296): Illuminate\\Database\\Eloquent\\Builder->get()
#9 /var/www/html/Prime-Laravel-Form-Builder/main_file/app/Facades/Utility.php(141): Illuminate\\Database\\Eloquent\\Builder->first()
#10 /var/www/html/Prime-Laravel-Form-Builder/main_file/vendor/laravel/framework/src/Illuminate/Support/Facades/Facade.php(338): App\\Facades\\Utility->getsettings()
#11 /var/www/html/Prime-Laravel-Form-Builder/main_file/app/Http/Middleware/Setting.php(14): Illuminate\\Support\\Facades\\Facade::__callStatic()
#12 /var/www/html/Prime-Laravel-Form-Builder/main_file/vendor/laravel/framework/src/Illuminate/Pipeline/Pipeline.php(180): App\\Http\\Middleware\\Setting->handle()
#13 /var/www/html/Prime-Laravel-Form-Builder/main_file/vendor/laravel/framework/src/Illuminate/Routing/Middleware/SubstituteBindings.php(50): Illuminate\\Pipeline\\Pipeline->Illuminate\\Pipeline\\{closure}()
#14 /var/www/html/Prime-Laravel-Form-Builder/main_file/vendor/laravel/framework/src/Illuminate/Pipeline/Pipeline.php(180): Illuminate\\Routing\\Middleware\\SubstituteBindings->handle()
#15 /var/www/html/Prime-Laravel-Form-Builder/main_file/vendor/laravel/framework/src/Illuminate/Foundation/Http/Middleware/VerifyCsrfToken.php(78): Illuminate\\Pipeline\\Pipeline->Illuminate\\Pipeline\\{closure}()
#16 /var/www/html/Prime-Laravel-Form-Builder/main_file/vendor/laravel/framework/src/Illuminate/Pipeline/Pipeline.php(180): Illuminate\\Foundation\\Http\\Middleware\\VerifyCsrfToken->handle()
#17 /var/www/html/Prime-Laravel-Form-Builder/main_file/vendor/laravel/framework/src/Illuminate/View/Middleware/ShareErrorsFromSession.php(49): Illuminate\\Pipeline\\Pipeline->Illuminate\\Pipeline\\{closure}()
#18 /var/www/html/Prime-Laravel-Form-Builder/main_file/vendor/laravel/framework/src/Illuminate/Pipeline/Pipeline.php(180): Illuminate\\View\\Middleware\\ShareErrorsFromSession->handle()
#19 /var/www/html/Prime-Laravel-Form-Builder/main_file/vendor/laravel/framework/src/Illuminate/Session/Middleware/StartSession.php(121): Illuminate\\Pipeline\\Pipeline->Illuminate\\Pipeline\\{closure}()
#20 /var/www/html/Prime-Laravel-Form-Builder/main_file/vendor/laravel/framework/src/Illuminate/Session/Middleware/StartSession.php(64): Illuminate\\Session\\Middleware\\StartSession->handleStatefulRequest()
#21 /var/www/html/Prime-Laravel-Form-Builder/main_file/vendor/laravel/framework/src/Illuminate/Pipeline/Pipeline.php(180): Illuminate\\Session\\Middleware\\StartSession->handle()
#22 /var/www/html/Prime-Laravel-Form-Builder/main_file/vendor/laravel/framework/src/Illuminate/Cookie/Middleware/AddQueuedCookiesToResponse.php(37): Illuminate\\Pipeline\\Pipeline->Illuminate\\Pipeline\\{closure}()
#23 /var/www/html/Prime-Laravel-Form-Builder/main_file/vendor/laravel/framework/src/Illuminate/Pipeline/Pipeline.php(180): Illuminate\\Cookie\\Middleware\\AddQueuedCookiesToResponse->handle()
#24 /var/www/html/Prime-Laravel-Form-Builder/main_file/vendor/laravel/framework/src/Illuminate/Cookie/Middleware/EncryptCookies.php(67): Illuminate\\Pipeline\\Pipeline->Illuminate\\Pipeline\\{closure}()
#25 /var/www/html/Prime-Laravel-Form-Builder/main_file/vendor/laravel/framework/src/Illuminate/Pipeline/Pipeline.php(180): Illuminate\\Cookie\\Middleware\\EncryptCookies->handle()
#26 /var/www/html/Prime-Laravel-Form-Builder/main_file/vendor/laravel/framework/src/Illuminate/Pipeline/Pipeline.php(116): Illuminate\\Pipeline\\Pipeline->Illuminate\\Pipeline\\{closure}()
#27 /var/www/html/Prime-Laravel-Form-Builder/main_file/vendor/laravel/framework/src/Illuminate/Routing/Router.php(738): Illuminate\\Pipeline\\Pipeline->then()
#28 /var/www/html/Prime-Laravel-Form-Builder/main_file/vendor/laravel/framework/src/Illuminate/Routing/Router.php(714): Illuminate\\Routing\\Router->runRouteWithinStack()
#29 /var/www/html/Prime-Laravel-Form-Builder/main_file/vendor/laravel/framework/src/Illuminate/Routing/Router.php(677): Illuminate\\Routing\\Router->runRoute()
#30 /var/www/html/Prime-Laravel-Form-Builder/main_file/vendor/laravel/framework/src/Illuminate/Routing/Router.php(666): Illuminate\\Routing\\Router->dispatchToRoute()
#31 /var/www/html/Prime-Laravel-Form-Builder/main_file/vendor/laravel/framework/src/Illuminate/Foundation/Http/Kernel.php(190): Illuminate\\Routing\\Router->dispatch()
#32 /var/www/html/Prime-Laravel-Form-Builder/main_file/vendor/laravel/framework/src/Illuminate/Pipeline/Pipeline.php(141): Illuminate\\Foundation\\Http\\Kernel->Illuminate\\Foundation\\Http\\{closure}()
#33 /var/www/html/Prime-Laravel-Form-Builder/main_file/vendor/fideloper/proxy/src/TrustProxies.php(57): Illuminate\\Pipeline\\Pipeline->Illuminate\\Pipeline\\{closure}()
#34 /var/www/html/Prime-Laravel-Form-Builder/main_file/vendor/laravel/framework/src/Illuminate/Pipeline/Pipeline.php(180): Fideloper\\Proxy\\TrustProxies->handle()
#35 /var/www/html/Prime-Laravel-Form-Builder/main_file/vendor/laravel/framework/src/Illuminate/Foundation/Http/Middleware/TransformsRequest.php(21): Illuminate\\Pipeline\\Pipeline->Illuminate\\Pipeline\\{closure}()
#36 /var/www/html/Prime-Laravel-Form-Builder/main_file/vendor/laravel/framework/src/Illuminate/Foundation/Http/Middleware/ConvertEmptyStringsToNull.php(31): Illuminate\\Foundation\\Http\\Middleware\\TransformsRequest->handle()
#37 /var/www/html/Prime-Laravel-Form-Builder/main_file/vendor/laravel/framework/src/Illuminate/Pipeline/Pipeline.php(180): Illuminate\\Foundation\\Http\\Middleware\\ConvertEmptyStringsToNull->handle()
#38 /var/www/html/Prime-Laravel-Form-Builder/main_file/vendor/laravel/framework/src/Illuminate/Foundation/Http/Middleware/TransformsRequest.php(21): Illuminate\\Pipeline\\Pipeline->Illuminate\\Pipeline\\{closure}()
#39 /var/www/html/Prime-Laravel-Form-Builder/main_file/vendor/laravel/framework/src/Illuminate/Foundation/Http/Middleware/TrimStrings.php(40): Illuminate\\Foundation\\Http\\Middleware\\TransformsRequest->handle()
#40 /var/www/html/Prime-Laravel-Form-Builder/main_file/vendor/laravel/framework/src/Illuminate/Pipeline/Pipeline.php(180): Illuminate\\Foundation\\Http\\Middleware\\TrimStrings->handle()
#41 /var/www/html/Prime-Laravel-Form-Builder/main_file/vendor/laravel/framework/src/Illuminate/Foundation/Http/Middleware/ValidatePostSize.php(27): Illuminate\\Pipeline\\Pipeline->Illuminate\\Pipeline\\{closure}()
#42 /var/www/html/Prime-Laravel-Form-Builder/main_file/vendor/laravel/framework/src/Illuminate/Pipeline/Pipeline.php(180): Illuminate\\Foundation\\Http\\Middleware\\ValidatePostSize->handle()
#43 /var/www/html/Prime-Laravel-Form-Builder/main_file/vendor/laravel/framework/src/Illuminate/Foundation/Http/Middleware/PreventRequestsDuringMaintenance.php(86): Illuminate\\Pipeline\\Pipeline->Illuminate\\Pipeline\\{closure}()
#44 /var/www/html/Prime-Laravel-Form-Builder/main_file/vendor/laravel/framework/src/Illuminate/Pipeline/Pipeline.php(180): Illuminate\\Foundation\\Http\\Middleware\\PreventRequestsDuringMaintenance->handle()
#45 /var/www/html/Prime-Laravel-Form-Builder/main_file/vendor/laravel/framework/src/Illuminate/Pipeline/Pipeline.php(116): Illuminate\\Pipeline\\Pipeline->Illuminate\\Pipeline\\{closure}()
#46 /var/www/html/Prime-Laravel-Form-Builder/main_file/vendor/laravel/framework/src/Illuminate/Foundation/Http/Kernel.php(165): Illuminate\\Pipeline\\Pipeline->then()
#47 /var/www/html/Prime-Laravel-Form-Builder/main_file/vendor/laravel/framework/src/Illuminate/Foundation/Http/Kernel.php(134): Illuminate\\Foundation\\Http\\Kernel->sendRequestThroughRouter()
#48 /var/www/html/Prime-Laravel-Form-Builder/main_file/public/index.php(52): Illuminate\\Foundation\\Http\\Kernel->handle()
#49 /var/www/html/Prime-Laravel-Form-Builder/main_file/verification.php(55): require_once('...')
#50 /var/www/html/Prime-Laravel-Form-Builder/main_file/index.php(23): require_once('...')
#51 {main}

[previous exception] [object] (PDOException(code: 1045): SQLSTATE[HY000] [1045] Access denied for user ''@'localhost' (using password: NO) at /var/www/html/Prime-Laravel-Form-Builder/main_file/vendor/laravel/framework/src/Illuminate/Database/Connectors/Connector.php:70)
[stacktrace]
#0 /var/www/html/Prime-Laravel-Form-Builder/main_file/vendor/laravel/framework/src/Illuminate/Database/Connectors/Connector.php(70): PDO->__construct()
#1 /var/www/html/Prime-Laravel-Form-Builder/main_file/vendor/laravel/framework/src/Illuminate/Database/Connectors/Connector.php(46): Illuminate\\Database\\Connectors\\Connector->createPdoConnection()
#2 /var/www/html/Prime-Laravel-Form-Builder/main_file/vendor/laravel/framework/src/Illuminate/Database/Connectors/MySqlConnector.php(24): Illuminate\\Database\\Connectors\\Connector->createConnection()
#3 /var/www/html/Prime-Laravel-Form-Builder/main_file/vendor/laravel/framework/src/Illuminate/Database/Connectors/ConnectionFactory.php(184): Illuminate\\Database\\Connectors\\MySqlConnector->connect()
#4 [internal function]: Illuminate\\Database\\Connectors\\ConnectionFactory->Illuminate\\Database\\Connectors\\{closure}()
#5 /var/www/html/Prime-Laravel-Form-Builder/main_file/vendor/laravel/framework/src/Illuminate/Database/Connection.php(1171): call_user_func()
#6 /var/www/html/Prime-Laravel-Form-Builder/main_file/vendor/laravel/framework/src/Illuminate/Database/Connection.php(1207): Illuminate\\Database\\Connection->getPdo()
#7 /var/www/html/Prime-Laravel-Form-Builder/main_file/vendor/laravel/framework/src/Illuminate/Database/Connection.php(486): Illuminate\\Database\\Connection->getReadPdo()
#8 /var/www/html/Prime-Laravel-Form-Builder/main_file/vendor/laravel/framework/src/Illuminate/Database/Connection.php(414): Illuminate\\Database\\Connection->getPdoForSelect()
#9 /var/www/html/Prime-Laravel-Form-Builder/main_file/vendor/laravel/framework/src/Illuminate/Database/Connection.php(753): Illuminate\\Database\\Connection->Illuminate\\Database\\{closure}()
#10 /var/www/html/Prime-Laravel-Form-Builder/main_file/vendor/laravel/framework/src/Illuminate/Database/Connection.php(720): Illuminate\\Database\\Connection->runQueryCallback()
#11 /var/www/html/Prime-Laravel-Form-Builder/main_file/vendor/laravel/framework/src/Illuminate/Database/Connection.php(422): Illuminate\\Database\\Connection->run()
#12 /var/www/html/Prime-Laravel-Form-Builder/main_file/vendor/laravel/framework/src/Illuminate/Database/Query/Builder.php(2650): Illuminate\\Database\\Connection->select()
#13 /var/www/html/Prime-Laravel-Form-Builder/main_file/vendor/laravel/framework/src/Illuminate/Database/Query/Builder.php(2638): Illuminate\\Database\\Query\\Builder->runSelect()
#14 /var/www/html/Prime-Laravel-Form-Builder/main_file/vendor/laravel/framework/src/Illuminate/Database/Query/Builder.php(3174): Illuminate\\Database\\Query\\Builder->Illuminate\\Database\\Query\\{closure}()
#15 /var/www/html/Prime-Laravel-Form-Builder/main_file/vendor/laravel/framework/src/Illuminate/Database/Query/Builder.php(2639): Illuminate\\Database\\Query\\Builder->onceWithColumns()
#16 /var/www/html/Prime-Laravel-Form-Builder/main_file/vendor/laravel/framework/src/Illuminate/Database/Eloquent/Builder.php(702): Illuminate\\Database\\Query\\Builder->get()
#17 /var/www/html/Prime-Laravel-Form-Builder/main_file/vendor/laravel/framework/src/Illuminate/Database/Eloquent/Builder.php(686): Illuminate\\Database\\Eloquent\\Builder->getModels()
#18 /var/www/html/Prime-Laravel-Form-Builder/main_file/vendor/laravel/framework/src/Illuminate/Database/Concerns/BuildsQueries.php(296): Illuminate\\Database\\Eloquent\\Builder->get()
#19 /var/www/html/Prime-Laravel-Form-Builder/main_file/app/Facades/Utility.php(141): Illuminate\\Database\\Eloquent\\Builder->first()
#20 /var/www/html/Prime-Laravel-Form-Builder/main_file/vendor/laravel/framework/src/Illuminate/Support/Facades/Facade.php(338): App\\Facades\\Utility->getsettings()
#21 /var/www/html/Prime-Laravel-Form-Builder/main_file/app/Http/Middleware/Setting.php(14): Illuminate\\Support\\Facades\\Facade::__callStatic()
#22 /var/www/html/Prime-Laravel-Form-Builder/main_file/vendor/laravel/framework/src/Illuminate/Pipeline/Pipeline.php(180): App\\Http\\Middleware\\Setting->handle()
#23 /var/www/html/Prime-Laravel-Form-Builder/main_file/vendor/laravel/framework/src/Illuminate/Routing/Middleware/SubstituteBindings.php(50): Illuminate\\Pipeline\\Pipeline->Illuminate\\Pipeline\\{closure}()
#24 /var/www/html/Prime-Laravel-Form-Builder/main_file/vendor/laravel/framework/src/Illuminate/Pipeline/Pipeline.php(180): Illuminate\\Routing\\Middleware\\SubstituteBindings->handle()
#25 /var/www/html/Prime-Laravel-Form-Builder/main_file/vendor/laravel/framework/src/Illuminate/Foundation/Http/Middleware/VerifyCsrfToken.php(78): Illuminate\\Pipeline\\Pipeline->Illuminate\\Pipeline\\{closure}()
#26 /var/www/html/Prime-Laravel-Form-Builder/main_file/vendor/laravel/framework/src/Illuminate/Pipeline/Pipeline.php(180): Illuminate\\Foundation\\Http\\Middleware\\VerifyCsrfToken->handle()
#27 /var/www/html/Prime-Laravel-Form-Builder/main_file/vendor/laravel/framework/src/Illuminate/View/Middleware/ShareErrorsFromSession.php(49): Illuminate\\Pipeline\\Pipeline->Illuminate\\Pipeline\\{closure}()
#28 /var/www/html/Prime-Laravel-Form-Builder/main_file/vendor/laravel/framework/src/Illuminate/Pipeline/Pipeline.php(180): Illuminate\\View\\Middleware\\ShareErrorsFromSession->handle()
#29 /var/www/html/Prime-Laravel-Form-Builder/main_file/vendor/laravel/framework/src/Illuminate/Session/Middleware/StartSession.php(121): Illuminate\\Pipeline\\Pipeline->Illuminate\\Pipeline\\{closure}()
#30 /var/www/html/Prime-Laravel-Form-Builder/main_file/vendor/laravel/framework/src/Illuminate/Session/Middleware/StartSession.php(64): Illuminate\\Session\\Middleware\\StartSession->handleStatefulRequest()
#31 /var/www/html/Prime-Laravel-Form-Builder/main_file/vendor/laravel/framework/src/Illuminate/Pipeline/Pipeline.php(180): Illuminate\\Session\\Middleware\\StartSession->handle()
#32 /var/www/html/Prime-Laravel-Form-Builder/main_file/vendor/laravel/framework/src/Illuminate/Cookie/Middleware/AddQueuedCookiesToResponse.php(37): Illuminate\\Pipeline\\Pipeline->Illuminate\\Pipeline\\{closure}()
#33 /var/www/html/Prime-Laravel-Form-Builder/main_file/vendor/laravel/framework/src/Illuminate/Pipeline/Pipeline.php(180): Illuminate\\Cookie\\Middleware\\AddQueuedCookiesToResponse->handle()
#34 /var/www/html/Prime-Laravel-Form-Builder/main_file/vendor/laravel/framework/src/Illuminate/Cookie/Middleware/EncryptCookies.php(67): Illuminate\\Pipeline\\Pipeline->Illuminate\\Pipeline\\{closure}()
#35 /var/www/html/Prime-Laravel-Form-Builder/main_file/vendor/laravel/framework/src/Illuminate/Pipeline/Pipeline.php(180): Illuminate\\Cookie\\Middleware\\EncryptCookies->handle()
#36 /var/www/html/Prime-Laravel-Form-Builder/main_file/vendor/laravel/framework/src/Illuminate/Pipeline/Pipeline.php(116): Illuminate\\Pipeline\\Pipeline->Illuminate\\Pipeline\\{closure}()
#37 /var/www/html/Prime-Laravel-Form-Builder/main_file/vendor/laravel/framework/src/Illuminate/Routing/Router.php(738): Illuminate\\Pipeline\\Pipeline->then()
#38 /var/www/html/Prime-Laravel-Form-Builder/main_file/vendor/laravel/framework/src/Illuminate/Routing/Router.php(714): Illuminate\\Routing\\Router->runRouteWithinStack()
#39 /var/www/html/Prime-Laravel-Form-Builder/main_file/vendor/laravel/framework/src/Illuminate/Routing/Router.php(677): Illuminate\\Routing\\Router->runRoute()
#40 /var/www/html/Prime-Laravel-Form-Builder/main_file/vendor/laravel/framework/src/Illuminate/Routing/Router.php(666): Illuminate\\Routing\\Router->dispatchToRoute()
#41 /var/www/html/Prime-Laravel-Form-Builder/main_file/vendor/laravel/framework/src/Illuminate/Foundation/Http/Kernel.php(190): Illuminate\\Routing\\Router->dispatch()
#42 /var/www/html/Prime-Laravel-Form-Builder/main_file/vendor/laravel/framework/src/Illuminate/Pipeline/Pipeline.php(141): Illuminate\\Foundation\\Http\\Kernel->Illuminate\\Foundation\\Http\\{closure}()
#43 /var/www/html/Prime-Laravel-Form-Builder/main_file/vendor/fideloper/proxy/src/TrustProxies.php(57): Illuminate\\Pipeline\\Pipeline->Illuminate\\Pipeline\\{closure}()
#44 /var/www/html/Prime-Laravel-Form-Builder/main_file/vendor/laravel/framework/src/Illuminate/Pipeline/Pipeline.php(180): Fideloper\\Proxy\\TrustProxies->handle()
#45 /var/www/html/Prime-Laravel-Form-Builder/main_file/vendor/laravel/framework/src/Illuminate/Foundation/Http/Middleware/TransformsRequest.php(21): Illuminate\\Pipeline\\Pipeline->Illuminate\\Pipeline\\{closure}()
#46 /var/www/html/Prime-Laravel-Form-Builder/main_file/vendor/laravel/framework/src/Illuminate/Foundation/Http/Middleware/ConvertEmptyStringsToNull.php(31): Illuminate\\Foundation\\Http\\Middleware\\TransformsRequest->handle()
#47 /var/www/html/Prime-Laravel-Form-Builder/main_file/vendor/laravel/framework/src/Illuminate/Pipeline/Pipeline.php(180): Illuminate\\Foundation\\Http\\Middleware\\ConvertEmptyStringsToNull->handle()
#48 /var/www/html/Prime-Laravel-Form-Builder/main_file/vendor/laravel/framework/src/Illuminate/Foundation/Http/Middleware/TransformsRequest.php(21): Illuminate\\Pipeline\\Pipeline->Illuminate\\Pipeline\\{closure}()
#49 /var/www/html/Prime-Laravel-Form-Builder/main_file/vendor/laravel/framework/src/Illuminate/Foundation/Http/Middleware/TrimStrings.php(40): Illuminate\\Foundation\\Http\\Middleware\\TransformsRequest->handle()
#50 /var/www/html/Prime-Laravel-Form-Builder/main_file/vendor/laravel/framework/src/Illuminate/Pipeline/Pipeline.php(180): Illuminate\\Foundation\\Http\\Middleware\\TrimStrings->handle()
#51 /var/www/html/Prime-Laravel-Form-Builder/main_file/vendor/laravel/framework/src/Illuminate/Foundation/Http/Middleware/ValidatePostSize.php(27): Illuminate\\Pipeline\\Pipeline->Illuminate\\Pipeline\\{closure}()
#52 /var/www/html/Prime-Laravel-Form-Builder/main_file/vendor/laravel/framework/src/Illuminate/Pipeline/Pipeline.php(180): Illuminate\\Foundation\\Http\\Middleware\\ValidatePostSize->handle()
#53 /var/www/html/Prime-Laravel-Form-Builder/main_file/vendor/laravel/framework/src/Illuminate/Foundation/Http/Middleware/PreventRequestsDuringMaintenance.php(86): Illuminate\\Pipeline\\Pipeline->Illuminate\\Pipeline\\{closure}()
#54 /var/www/html/Prime-Laravel-Form-Builder/main_file/vendor/laravel/framework/src/Illuminate/Pipeline/Pipeline.php(180): Illuminate\\Foundation\\Http\\Middleware\\PreventRequestsDuringMaintenance->handle()
#55 /var/www/html/Prime-Laravel-Form-Builder/main_file/vendor/laravel/framework/src/Illuminate/Pipeline/Pipeline.php(116): Illuminate\\Pipeline\\Pipeline->Illuminate\\Pipeline\\{closure}()
#56 /var/www/html/Prime-Laravel-Form-Builder/main_file/vendor/laravel/framework/src/Illuminate/Foundation/Http/Kernel.php(165): Illuminate\\Pipeline\\Pipeline->then()
#57 /var/www/html/Prime-Laravel-Form-Builder/main_file/vendor/laravel/framework/src/Illuminate/Foundation/Http/Kernel.php(134): Illuminate\\Foundation\\Http\\Kernel->sendRequestThroughRouter()
#58 /var/www/html/Prime-Laravel-Form-Builder/main_file/public/index.php(52): Illuminate\\Foundation\\Http\\Kernel->handle()
#59 /var/www/html/Prime-Laravel-Form-Builder/main_file/verification.php(55): require_once('...')
#60 /var/www/html/Prime-Laravel-Form-Builder/main_file/index.php(23): require_once('...')
#61 {main}
"} 
